<?xml version="1.0" encoding="UTF-8"?>
<coverage generated="1647581935288" clover="3.2.0">
  <project timestamp="1647581935288" name="All files">
    <metrics statements="121" coveredstatements="119" conditionals="76" coveredconditionals="70" methods="11" coveredmethods="11" elements="208" coveredelements="200" complexity="0" loc="121" ncloc="121" packages="1" files="2" classes="2"/>
    <file name="astar.js" path="/Users/samuelbarrett/Documents/seng371/BrowserQuest/client/js/lib/tests/astar.js">
      <metrics statements="107" coveredstatements="106" conditionals="63" coveredconditionals="61" methods="9" coveredmethods="9"/>
      <line num="2" count="1" type="stmt"/>
      <line num="9" count="87" type="stmt"/>
      <line num="10" count="87" type="stmt"/>
      <line num="11" count="87" type="stmt"/>
      <line num="12" count="87" type="stmt"/>
      <line num="13" count="87" type="stmt"/>
      <line num="14" count="87" type="stmt"/>
      <line num="15" count="87" type="stmt"/>
      <line num="16" count="87" type="stmt"/>
      <line num="18" count="87" type="cond" truecount="2" falsecount="0"/>
      <line num="19" count="70" type="cond" truecount="3" falsecount="0"/>
      <line num="20" count="70" type="cond" truecount="3" falsecount="0"/>
      <line num="22" count="87" type="cond" truecount="2" falsecount="0"/>
      <line num="23" count="71" type="cond" truecount="3" falsecount="0"/>
      <line num="24" count="71" type="cond" truecount="3" falsecount="0"/>
      <line num="26" count="87" type="stmt"/>
      <line num="30" count="31" type="stmt"/>
      <line num="31" count="31" type="stmt"/>
      <line num="32" count="31" type="stmt"/>
      <line num="33" count="31" type="stmt"/>
      <line num="35" count="31" type="stmt"/>
      <line num="36" count="31" type="stmt"/>
      <line num="38" count="31" type="stmt"/>
      <line num="39" count="31" type="stmt"/>
      <line num="40" count="31" type="stmt"/>
      <line num="41" count="31" type="stmt"/>
      <line num="42" count="31" type="cond" truecount="1" falsecount="1"/>
      <line num="43" count="31" type="cond" truecount="3" falsecount="0"/>
      <line num="44" count="31" type="cond" truecount="3" falsecount="0"/>
      <line num="46" count="31" type="cond" truecount="2" falsecount="0"/>
      <line num="47" count="27" type="cond" truecount="3" falsecount="0"/>
      <line num="48" count="27" type="cond" truecount="3" falsecount="0"/>
      <line num="50" count="31" type="stmt"/>
      <line num="54" count="187" type="stmt"/>
      <line num="60" count="305" type="stmt"/>
      <line num="61" count="305" type="stmt"/>
      <line num="64" count="305" type="stmt"/>
      <line num="65" count="305" type="stmt"/>
      <line num="66" count="305" type="stmt"/>
      <line num="67" count="305" type="stmt"/>
      <line num="68" count="305" type="cond" truecount="2" falsecount="0"/>
      <line num="69" count="305" type="cond" truecount="2" falsecount="0"/>
      <line num="70" count="305" type="cond" truecount="2" falsecount="0"/>
      <line num="71" count="305" type="cond" truecount="2" falsecount="0"/>
      <line num="72" count="305" type="stmt"/>
      <line num="73" count="305" type="stmt"/>
      <line num="75" count="305" type="cond" truecount="2" falsecount="0"/>
      <line num="76" count="305" type="cond" truecount="2" falsecount="0"/>
      <line num="77" count="305" type="cond" truecount="2" falsecount="0"/>
      <line num="78" count="305" type="cond" truecount="2" falsecount="0"/>
      <line num="79" count="305" type="stmt"/>
      <line num="80" count="305" type="stmt"/>
      <line num="81" count="305" type="stmt"/>
      <line num="85" count="354" type="stmt"/>
      <line num="90" count="288" type="stmt"/>
      <line num="91" count="288" type="stmt"/>
      <line num="93" count="288" type="stmt"/>
      <line num="97" count="380" type="stmt"/>
      <line num="102" count="9" type="stmt"/>
      <line num="103" count="9" type="stmt"/>
      <line num="104" count="9" type="stmt"/>
      <line num="105" count="9" type="stmt"/>
      <line num="106" count="9" type="stmt"/>
      <line num="107" count="9" type="stmt"/>
      <line num="108" count="9" type="stmt"/>
      <line num="109" count="9" type="stmt"/>
      <line num="110" count="9" type="stmt"/>
      <line num="113" count="9" type="stmt"/>
      <line num="114" count="9" type="cond" truecount="5" falsecount="0"/>
      <line num="116" count="2" type="stmt"/>
      <line num="118" count="4" type="stmt"/>
      <line num="119" count="4" type="stmt"/>
      <line num="121" count="2" type="stmt"/>
      <line num="123" count="3" type="stmt"/>
      <line num="124" count="3" type="stmt"/>
      <line num="125" count="3" type="stmt"/>
      <line num="127" count="2" type="stmt"/>
      <line num="128" count="2" type="stmt"/>
      <line num="129" count="2" type="stmt"/>
      <line num="131" count="9" type="cond" truecount="2" falsecount="0"/>
      <line num="132" count="9" type="stmt"/>
      <line num="133" count="314" type="stmt"/>
      <line num="134" count="314" type="stmt"/>
      <line num="135" count="314" type="stmt"/>
      <line num="136" count="3256" type="cond" truecount="2" falsecount="0"/>
      <line num="137" count="630" type="stmt"/>
      <line num="138" count="630" type="stmt"/>
      <line num="141" count="314" type="stmt"/>
      <line num="142" count="314" type="cond" truecount="2" falsecount="0"/>
      <line num="143" count="305" type="stmt"/>
      <line num="144" count="305" type="stmt"/>
      <line num="145" count="305" type="stmt"/>
      <line num="146" count="1308" type="stmt"/>
      <line num="147" count="1308" type="stmt"/>
      <line num="148" count="1308" type="stmt"/>
      <line num="149" count="1308" type="cond" truecount="2" falsecount="0"/>
      <line num="150" count="511" type="stmt"/>
      <line num="151" count="511" type="stmt"/>
      <line num="152" count="511" type="stmt"/>
      <line num="156" count="9" type="stmt"/>
      <line num="157" count="9" type="stmt"/>
      <line num="158" count="115" type="stmt"/>
      <line num="160" count="9" type="stmt"/>
      <line num="163" count="9" type="stmt"/>
      <line num="166" count="1" type="cond" truecount="1" falsecount="1"/>
      <line num="167" count="1" type="stmt"/>
      <line num="169" count="0" type="stmt"/>
    </file>
    <file name="trimDots_function_to_test.js" path="/Users/samuelbarrett/Documents/seng371/BrowserQuest/client/js/lib/tests/trimDots_function_to_test.js">
      <metrics statements="14" coveredstatements="13" conditionals="13" coveredconditionals="9" methods="2" coveredmethods="2"/>
      <line num="1" count="1" type="stmt"/>
      <line num="13" count="6" type="stmt"/>
      <line num="14" count="25" type="stmt"/>
      <line num="15" count="25" type="cond" truecount="2" falsecount="0"/>
      <line num="16" count="3" type="stmt"/>
      <line num="17" count="3" type="stmt"/>
      <line num="18" count="22" type="cond" truecount="2" falsecount="0"/>
      <line num="19" count="3" type="cond" truecount="2" falsecount="3"/>
      <line num="26" count="0" type="stmt"/>
      <line num="27" count="3" type="cond" truecount="2" falsecount="0"/>
      <line num="28" count="2" type="stmt"/>
      <line num="29" count="2" type="stmt"/>
      <line num="35" count="1" type="cond" truecount="1" falsecount="1"/>
      <line num="36" count="1" type="stmt"/>
    </file>
  </project>
</coverage>
