{"/Users/samuelbarrett/Documents/seng371/BrowserQuest/client/js/lib/tests/astar.js": {"path":"/Users/samuelbarrett/Documents/seng371/BrowserQuest/client/js/lib/tests/astar.js","statementMap":{"0":{"start":{"line":2,"column":0},"end":{"line":172,"column":5}},"1":{"start":{"line":9,"column":8},"end":{"line":9,"column":22}},"2":{"start":{"line":10,"column":8},"end":{"line":10,"column":22}},"3":{"start":{"line":11,"column":8},"end":{"line":11,"column":22}},"4":{"start":{"line":12,"column":8},"end":{"line":12,"column":22}},"5":{"start":{"line":13,"column":8},"end":{"line":13,"column":20}},"6":{"start":{"line":14,"column":8},"end":{"line":14,"column":20}},"7":{"start":{"line":15,"column":8},"end":{"line":15,"column":20}},"8":{"start":{"line":16,"column":8},"end":{"line":16,"column":20}},"9":{"start":{"line":18,"column":8},"end":{"line":21,"column":9}},"10":{"start":{"line":19,"column":12},"end":{"line":19,"column":60}},"11":{"start":{"line":20,"column":12},"end":{"line":20,"column":60}},"12":{"start":{"line":22,"column":8},"end":{"line":25,"column":9}},"13":{"start":{"line":23,"column":12},"end":{"line":23,"column":60}},"14":{"start":{"line":24,"column":12},"end":{"line":24,"column":60}},"15":{"start":{"line":26,"column":8},"end":{"line":26,"column":22}},"16":{"start":{"line":30,"column":8},"end":{"line":30,"column":20}},"17":{"start":{"line":31,"column":8},"end":{"line":31,"column":20}},"18":{"start":{"line":32,"column":8},"end":{"line":32,"column":20}},"19":{"start":{"line":33,"column":8},"end":{"line":33,"column":20}},"20":{"start":{"line":35,"column":8},"end":{"line":35,"column":27}},"21":{"start":{"line":36,"column":8},"end":{"line":36,"column":30}},"22":{"start":{"line":38,"column":8},"end":{"line":38,"column":20}},"23":{"start":{"line":39,"column":8},"end":{"line":39,"column":22}},"24":{"start":{"line":40,"column":8},"end":{"line":40,"column":22}},"25":{"start":{"line":41,"column":8},"end":{"line":41,"column":20}},"26":{"start":{"line":42,"column":8},"end":{"line":45,"column":9}},"27":{"start":{"line":43,"column":12},"end":{"line":43,"column":60}},"28":{"start":{"line":44,"column":12},"end":{"line":44,"column":60}},"29":{"start":{"line":46,"column":8},"end":{"line":49,"column":9}},"30":{"start":{"line":47,"column":12},"end":{"line":47,"column":60}},"31":{"start":{"line":48,"column":12},"end":{"line":48,"column":60}},"32":{"start":{"line":50,"column":8},"end":{"line":50,"column":22}},"33":{"start":{"line":54,"column":8},"end":{"line":54,"column":22}},"34":{"start":{"line":60,"column":19},"end":{"line":60,"column":30}},"35":{"start":{"line":61,"column":19},"end":{"line":61,"column":33}},"36":{"start":{"line":64,"column":16},"end":{"line":64,"column":21}},"37":{"start":{"line":65,"column":16},"end":{"line":65,"column":21}},"38":{"start":{"line":66,"column":16},"end":{"line":66,"column":21}},"39":{"start":{"line":67,"column":16},"end":{"line":67,"column":21}},"40":{"start":{"line":68,"column":17},"end":{"line":68,"column":38}},"41":{"start":{"line":69,"column":17},"end":{"line":69,"column":40}},"42":{"start":{"line":70,"column":17},"end":{"line":70,"column":40}},"43":{"start":{"line":71,"column":17},"end":{"line":71,"column":38}},"44":{"start":{"line":72,"column":21},"end":{"line":72,"column":23}},"45":{"start":{"line":73,"column":16},"end":{"line":73,"column":17}},"46":{"start":{"line":75,"column":8},"end":{"line":75,"column":41}},"47":{"start":{"line":76,"column":8},"end":{"line":76,"column":41}},"48":{"start":{"line":77,"column":8},"end":{"line":77,"column":41}},"49":{"start":{"line":78,"column":8},"end":{"line":78,"column":41}},"50":{"start":{"line":79,"column":8},"end":{"line":79,"column":33}},"51":{"start":{"line":80,"column":8},"end":{"line":80,"column":28}},"52":{"start":{"line":81,"column":8},"end":{"line":81,"column":50}},"53":{"start":{"line":85,"column":8},"end":{"line":85,"column":60}},"54":{"start":{"line":90,"column":16},"end":{"line":90,"column":31}},"55":{"start":{"line":91,"column":16},"end":{"line":91,"column":31}},"56":{"start":{"line":93,"column":8},"end":{"line":93,"column":33}},"57":{"start":{"line":97,"column":8},"end":{"line":97,"column":57}},"58":{"start":{"line":102,"column":19},"end":{"line":102,"column":33}},"59":{"start":{"line":103,"column":19},"end":{"line":103,"column":30}},"60":{"start":{"line":104,"column":20},"end":{"line":104,"column":31}},"61":{"start":{"line":105,"column":17},"end":{"line":105,"column":25}},"62":{"start":{"line":106,"column":17},"end":{"line":106,"column":25}},"63":{"start":{"line":107,"column":19},"end":{"line":107,"column":21}},"64":{"start":{"line":108,"column":21},"end":{"line":108,"column":23}},"65":{"start":{"line":109,"column":19},"end":{"line":109,"column":81}},"66":{"start":{"line":110,"column":21},"end":{"line":110,"column":22}},"67":{"start":{"line":113,"column":8},"end":{"line":113,"column":57}},"68":{"start":{"line":114,"column":8},"end":{"line":130,"column":9}},"69":{"start":{"line":116,"column":16},"end":{"line":116,"column":42}},"70":{"start":{"line":118,"column":16},"end":{"line":118,"column":36}},"71":{"start":{"line":119,"column":16},"end":{"line":119,"column":22}},"72":{"start":{"line":121,"column":16},"end":{"line":121,"column":42}},"73":{"start":{"line":123,"column":16},"end":{"line":123,"column":31}},"74":{"start":{"line":124,"column":16},"end":{"line":124,"column":37}},"75":{"start":{"line":125,"column":16},"end":{"line":125,"column":22}},"76":{"start":{"line":127,"column":16},"end":{"line":127,"column":37}},"77":{"start":{"line":128,"column":16},"end":{"line":128,"column":35}},"78":{"start":{"line":129,"column":16},"end":{"line":129,"column":22}},"79":{"start":{"line":131,"column":8},"end":{"line":131,"column":48}},"80":{"start":{"line":132,"column":8},"end":{"line":162,"column":25}},"81":{"start":{"line":133,"column":12},"end":{"line":133,"column":24}},"82":{"start":{"line":134,"column":12},"end":{"line":134,"column":20}},"83":{"start":{"line":135,"column":12},"end":{"line":140,"column":13}},"84":{"start":{"line":136,"column":16},"end":{"line":139,"column":17}},"85":{"start":{"line":137,"column":20},"end":{"line":137,"column":28}},"86":{"start":{"line":138,"column":20},"end":{"line":138,"column":28}},"87":{"start":{"line":141,"column":12},"end":{"line":141,"column":45}},"88":{"start":{"line":142,"column":12},"end":{"line":161,"column":13}},"89":{"start":{"line":143,"column":16},"end":{"line":143,"column":25}},"90":{"start":{"line":144,"column":16},"end":{"line":144,"column":68}},"91":{"start":{"line":145,"column":16},"end":{"line":154,"column":17}},"92":{"start":{"line":146,"column":20},"end":{"line":146,"column":48}},"93":{"start":{"line":147,"column":20},"end":{"line":147,"column":38}},"94":{"start":{"line":148,"column":20},"end":{"line":148,"column":49}},"95":{"start":{"line":149,"column":20},"end":{"line":153,"column":21}},"96":{"start":{"line":150,"column":24},"end":{"line":150,"column":114}},"97":{"start":{"line":151,"column":24},"end":{"line":151,"column":45}},"98":{"start":{"line":152,"column":24},"end":{"line":152,"column":40}},"99":{"start":{"line":156,"column":16},"end":{"line":156,"column":31}},"100":{"start":{"line":157,"column":16},"end":{"line":159,"column":46}},"101":{"start":{"line":158,"column":20},"end":{"line":158,"column":57}},"102":{"start":{"line":160,"column":16},"end":{"line":160,"column":33}},"103":{"start":{"line":163,"column":8},"end":{"line":163,"column":22}},"104":{"start":{"line":166,"column":4},"end":{"line":170,"column":5}},"105":{"start":{"line":167,"column":8},"end":{"line":167,"column":30}},"106":{"start":{"line":169,"column":8},"end":{"line":169,"column":29}}},"fnMap":{"0":{"name":"(anonymous_0)","decl":{"start":{"line":2,"column":1},"end":{"line":2,"column":2}},"loc":{"start":{"line":2,"column":21},"end":{"line":172,"column":1}},"line":2},"1":{"name":"diagonalSuccessors","decl":{"start":{"line":8,"column":13},"end":{"line":8,"column":31}},"loc":{"start":{"line":8,"column":62},"end":{"line":27,"column":5}},"line":8},"2":{"name":"diagonalSuccessorsFree","decl":{"start":{"line":29,"column":13},"end":{"line":29,"column":35}},"loc":{"start":{"line":29,"column":66},"end":{"line":51,"column":5}},"line":29},"3":{"name":"nothingToDo","decl":{"start":{"line":53,"column":13},"end":{"line":53,"column":24}},"loc":{"start":{"line":53,"column":55},"end":{"line":55,"column":5}},"line":53},"4":{"name":"successors","decl":{"start":{"line":57,"column":13},"end":{"line":57,"column":23}},"loc":{"start":{"line":57,"column":41},"end":{"line":82,"column":5}},"line":57},"5":{"name":"diagonal","decl":{"start":{"line":84,"column":13},"end":{"line":84,"column":21}},"loc":{"start":{"line":84,"column":42},"end":{"line":86,"column":5}},"line":84},"6":{"name":"euclidean","decl":{"start":{"line":88,"column":13},"end":{"line":88,"column":22}},"loc":{"start":{"line":88,"column":43},"end":{"line":94,"column":5}},"line":88},"7":{"name":"manhattan","decl":{"start":{"line":96,"column":13},"end":{"line":96,"column":22}},"loc":{"start":{"line":96,"column":43},"end":{"line":98,"column":5}},"line":96},"8":{"name":"AStar","decl":{"start":{"line":100,"column":13},"end":{"line":100,"column":18}},"loc":{"start":{"line":100,"column":40},"end":{"line":164,"column":5}},"line":100}},"branchMap":{"0":{"loc":{"start":{"line":18,"column":8},"end":{"line":21,"column":9}},"type":"if","locations":[{"start":{"line":18,"column":8},"end":{"line":21,"column":9}},{"start":{},"end":{}}],"line":18},"1":{"loc":{"start":{"line":19,"column":12},"end":{"line":19,"column":59}},"type":"binary-expr","locations":[{"start":{"line":19,"column":12},"end":{"line":19,"column":14}},{"start":{"line":19,"column":18},"end":{"line":19,"column":29}},{"start":{"line":19,"column":34},"end":{"line":19,"column":58}}],"line":19},"2":{"loc":{"start":{"line":20,"column":12},"end":{"line":20,"column":59}},"type":"binary-expr","locations":[{"start":{"line":20,"column":12},"end":{"line":20,"column":14}},{"start":{"line":20,"column":18},"end":{"line":20,"column":29}},{"start":{"line":20,"column":34},"end":{"line":20,"column":58}}],"line":20},"3":{"loc":{"start":{"line":22,"column":8},"end":{"line":25,"column":9}},"type":"if","locations":[{"start":{"line":22,"column":8},"end":{"line":25,"column":9}},{"start":{},"end":{}}],"line":22},"4":{"loc":{"start":{"line":23,"column":12},"end":{"line":23,"column":59}},"type":"binary-expr","locations":[{"start":{"line":23,"column":12},"end":{"line":23,"column":14}},{"start":{"line":23,"column":18},"end":{"line":23,"column":29}},{"start":{"line":23,"column":34},"end":{"line":23,"column":58}}],"line":23},"5":{"loc":{"start":{"line":24,"column":12},"end":{"line":24,"column":59}},"type":"binary-expr","locations":[{"start":{"line":24,"column":12},"end":{"line":24,"column":14}},{"start":{"line":24,"column":18},"end":{"line":24,"column":29}},{"start":{"line":24,"column":34},"end":{"line":24,"column":58}}],"line":24},"6":{"loc":{"start":{"line":42,"column":8},"end":{"line":45,"column":9}},"type":"if","locations":[{"start":{"line":42,"column":8},"end":{"line":45,"column":9}},{"start":{},"end":{}}],"line":42},"7":{"loc":{"start":{"line":43,"column":12},"end":{"line":43,"column":59}},"type":"binary-expr","locations":[{"start":{"line":43,"column":12},"end":{"line":43,"column":14}},{"start":{"line":43,"column":18},"end":{"line":43,"column":29}},{"start":{"line":43,"column":34},"end":{"line":43,"column":58}}],"line":43},"8":{"loc":{"start":{"line":44,"column":12},"end":{"line":44,"column":59}},"type":"binary-expr","locations":[{"start":{"line":44,"column":12},"end":{"line":44,"column":14}},{"start":{"line":44,"column":18},"end":{"line":44,"column":29}},{"start":{"line":44,"column":34},"end":{"line":44,"column":58}}],"line":44},"9":{"loc":{"start":{"line":46,"column":8},"end":{"line":49,"column":9}},"type":"if","locations":[{"start":{"line":46,"column":8},"end":{"line":49,"column":9}},{"start":{},"end":{}}],"line":46},"10":{"loc":{"start":{"line":47,"column":12},"end":{"line":47,"column":59}},"type":"binary-expr","locations":[{"start":{"line":47,"column":12},"end":{"line":47,"column":14}},{"start":{"line":47,"column":18},"end":{"line":47,"column":29}},{"start":{"line":47,"column":34},"end":{"line":47,"column":58}}],"line":47},"11":{"loc":{"start":{"line":48,"column":12},"end":{"line":48,"column":59}},"type":"binary-expr","locations":[{"start":{"line":48,"column":12},"end":{"line":48,"column":14}},{"start":{"line":48,"column":18},"end":{"line":48,"column":29}},{"start":{"line":48,"column":34},"end":{"line":48,"column":58}}],"line":48},"12":{"loc":{"start":{"line":68,"column":17},"end":{"line":68,"column":38}},"type":"binary-expr","locations":[{"start":{"line":68,"column":17},"end":{"line":68,"column":23}},{"start":{"line":68,"column":27},"end":{"line":68,"column":38}}],"line":68},"13":{"loc":{"start":{"line":69,"column":17},"end":{"line":69,"column":40}},"type":"binary-expr","locations":[{"start":{"line":69,"column":17},"end":{"line":69,"column":25}},{"start":{"line":69,"column":29},"end":{"line":69,"column":40}}],"line":69},"14":{"loc":{"start":{"line":70,"column":17},"end":{"line":70,"column":40}},"type":"binary-expr","locations":[{"start":{"line":70,"column":17},"end":{"line":70,"column":25}},{"start":{"line":70,"column":29},"end":{"line":70,"column":40}}],"line":70},"15":{"loc":{"start":{"line":71,"column":17},"end":{"line":71,"column":38}},"type":"binary-expr","locations":[{"start":{"line":71,"column":17},"end":{"line":71,"column":23}},{"start":{"line":71,"column":27},"end":{"line":71,"column":38}}],"line":71},"16":{"loc":{"start":{"line":75,"column":8},"end":{"line":75,"column":40}},"type":"binary-expr","locations":[{"start":{"line":75,"column":8},"end":{"line":75,"column":10}},{"start":{"line":75,"column":15},"end":{"line":75,"column":39}}],"line":75},"17":{"loc":{"start":{"line":76,"column":8},"end":{"line":76,"column":40}},"type":"binary-expr","locations":[{"start":{"line":76,"column":8},"end":{"line":76,"column":10}},{"start":{"line":76,"column":15},"end":{"line":76,"column":39}}],"line":76},"18":{"loc":{"start":{"line":77,"column":8},"end":{"line":77,"column":40}},"type":"binary-expr","locations":[{"start":{"line":77,"column":8},"end":{"line":77,"column":10}},{"start":{"line":77,"column":15},"end":{"line":77,"column":39}}],"line":77},"19":{"loc":{"start":{"line":78,"column":8},"end":{"line":78,"column":40}},"type":"binary-expr","locations":[{"start":{"line":78,"column":8},"end":{"line":78,"column":10}},{"start":{"line":78,"column":15},"end":{"line":78,"column":39}}],"line":78},"20":{"loc":{"start":{"line":114,"column":8},"end":{"line":130,"column":9}},"type":"switch","locations":[{"start":{"line":115,"column":12},"end":{"line":116,"column":42}},{"start":{"line":117,"column":12},"end":{"line":119,"column":22}},{"start":{"line":120,"column":12},"end":{"line":121,"column":42}},{"start":{"line":122,"column":12},"end":{"line":125,"column":22}},{"start":{"line":126,"column":12},"end":{"line":129,"column":22}}],"line":114},"21":{"loc":{"start":{"line":131,"column":8},"end":{"line":131,"column":47}},"type":"binary-expr","locations":[{"start":{"line":131,"column":8},"end":{"line":131,"column":12}},{"start":{"line":131,"column":17},"end":{"line":131,"column":46}}],"line":131},"22":{"loc":{"start":{"line":136,"column":16},"end":{"line":139,"column":17}},"type":"if","locations":[{"start":{"line":136,"column":16},"end":{"line":139,"column":17}},{"start":{},"end":{}}],"line":136},"23":{"loc":{"start":{"line":142,"column":12},"end":{"line":161,"column":13}},"type":"if","locations":[{"start":{"line":142,"column":12},"end":{"line":161,"column":13}},{"start":{"line":155,"column":19},"end":{"line":161,"column":13}}],"line":142},"24":{"loc":{"start":{"line":149,"column":20},"end":{"line":153,"column":21}},"type":"if","locations":[{"start":{"line":149,"column":20},"end":{"line":153,"column":21}},{"start":{},"end":{}}],"line":149},"25":{"loc":{"start":{"line":166,"column":4},"end":{"line":170,"column":5}},"type":"if","locations":[{"start":{"line":166,"column":4},"end":{"line":170,"column":5}},{"start":{"line":168,"column":11},"end":{"line":170,"column":5}}],"line":166}},"s":{"0":1,"1":87,"2":87,"3":87,"4":87,"5":87,"6":87,"7":87,"8":87,"9":87,"10":70,"11":70,"12":87,"13":71,"14":71,"15":87,"16":31,"17":31,"18":31,"19":31,"20":31,"21":31,"22":31,"23":31,"24":31,"25":31,"26":31,"27":31,"28":31,"29":31,"30":27,"31":27,"32":31,"33":187,"34":305,"35":305,"36":305,"37":305,"38":305,"39":305,"40":305,"41":305,"42":305,"43":305,"44":305,"45":305,"46":305,"47":305,"48":305,"49":305,"50":305,"51":305,"52":305,"53":354,"54":288,"55":288,"56":288,"57":380,"58":9,"59":9,"60":9,"61":9,"62":9,"63":9,"64":9,"65":9,"66":9,"67":9,"68":9,"69":2,"70":4,"71":4,"72":2,"73":3,"74":3,"75":3,"76":2,"77":2,"78":2,"79":9,"80":9,"81":314,"82":314,"83":314,"84":3256,"85":630,"86":630,"87":314,"88":314,"89":305,"90":305,"91":305,"92":1308,"93":1308,"94":1308,"95":1308,"96":511,"97":511,"98":511,"99":9,"100":9,"101":115,"102":9,"103":9,"104":1,"105":1,"106":0},"f":{"0":1,"1":87,"2":31,"3":187,"4":305,"5":354,"6":288,"7":380,"8":9},"b":{"0":[70,17],"1":[70,60,53],"2":[70,50,50],"3":[71,16],"4":[71,57,52],"5":[71,56,42],"6":[31,0],"7":[31,27,26],"8":[31,30,28],"9":[27,4],"10":[27,26,26],"11":[27,26,26],"12":[305,270],"13":[305,286],"14":[305,281],"15":[305,270],"16":[305,248],"17":[305,255],"18":[305,257],"19":[305,245],"20":[2,4,2,3,2],"21":[9,3],"22":[630,2626],"23":[305,9],"24":[511,797],"25":[1,0]},"_coverageSchema":"1a1c01bbd47fc00a2c39e90264f33305004495a9","hash":"2e71fa13ae675e8f207b988291cee0233b729210"}
,"/Users/samuelbarrett/Documents/seng371/BrowserQuest/client/js/lib/tests/trimDots_function_to_test.js": {"path":"/Users/samuelbarrett/Documents/seng371/BrowserQuest/client/js/lib/tests/trimDots_function_to_test.js","statementMap":{"0":{"start":{"line":1,"column":0},"end":{"line":39,"column":5}},"1":{"start":{"line":13,"column":8},"end":{"line":32,"column":9}},"2":{"start":{"line":14,"column":12},"end":{"line":14,"column":26}},"3":{"start":{"line":15,"column":12},"end":{"line":31,"column":13}},"4":{"start":{"line":16,"column":16},"end":{"line":16,"column":33}},"5":{"start":{"line":17,"column":16},"end":{"line":17,"column":23}},"6":{"start":{"line":18,"column":19},"end":{"line":31,"column":13}},"7":{"start":{"line":19,"column":16},"end":{"line":30,"column":17}},"8":{"start":{"line":26,"column":20},"end":{"line":26,"column":26}},"9":{"start":{"line":27,"column":23},"end":{"line":30,"column":17}},"10":{"start":{"line":28,"column":20},"end":{"line":28,"column":41}},"11":{"start":{"line":29,"column":20},"end":{"line":29,"column":27}},"12":{"start":{"line":35,"column":4},"end":{"line":37,"column":5}},"13":{"start":{"line":36,"column":8},"end":{"line":36,"column":36}}},"fnMap":{"0":{"name":"(anonymous_0)","decl":{"start":{"line":1,"column":1},"end":{"line":1,"column":2}},"loc":{"start":{"line":1,"column":13},"end":{"line":39,"column":1}},"line":1},"1":{"name":"trimDots","decl":{"start":{"line":11,"column":13},"end":{"line":11,"column":21}},"loc":{"start":{"line":11,"column":27},"end":{"line":33,"column":5}},"line":11}},"branchMap":{"0":{"loc":{"start":{"line":15,"column":12},"end":{"line":31,"column":13}},"type":"if","locations":[{"start":{"line":15,"column":12},"end":{"line":31,"column":13}},{"start":{"line":18,"column":19},"end":{"line":31,"column":13}}],"line":15},"1":{"loc":{"start":{"line":18,"column":19},"end":{"line":31,"column":13}},"type":"if","locations":[{"start":{"line":18,"column":19},"end":{"line":31,"column":13}},{"start":{},"end":{}}],"line":18},"2":{"loc":{"start":{"line":19,"column":16},"end":{"line":30,"column":17}},"type":"if","locations":[{"start":{"line":19,"column":16},"end":{"line":30,"column":17}},{"start":{"line":27,"column":23},"end":{"line":30,"column":17}}],"line":19},"3":{"loc":{"start":{"line":19,"column":20},"end":{"line":19,"column":67}},"type":"binary-expr","locations":[{"start":{"line":19,"column":20},"end":{"line":19,"column":27}},{"start":{"line":19,"column":32},"end":{"line":19,"column":47}},{"start":{"line":19,"column":51},"end":{"line":19,"column":66}}],"line":19},"4":{"loc":{"start":{"line":27,"column":23},"end":{"line":30,"column":17}},"type":"if","locations":[{"start":{"line":27,"column":23},"end":{"line":30,"column":17}},{"start":{},"end":{}}],"line":27},"5":{"loc":{"start":{"line":35,"column":4},"end":{"line":37,"column":5}},"type":"if","locations":[{"start":{"line":35,"column":4},"end":{"line":37,"column":5}},{"start":{},"end":{}}],"line":35}},"s":{"0":1,"1":6,"2":25,"3":25,"4":3,"5":3,"6":22,"7":3,"8":0,"9":3,"10":2,"11":2,"12":1,"13":1},"f":{"0":1,"1":6},"b":{"0":[3,22],"1":[3,19],"2":[0,3],"3":[3,0,0],"4":[2,1],"5":[1,0]},"_coverageSchema":"1a1c01bbd47fc00a2c39e90264f33305004495a9","hash":"b08aa4fb80c592070066e1cb47343120efe947d7"}
}
