TN:
SF:astar.js
FN:2,(anonymous_0)
FN:8,diagonalSuccessors
FN:29,diagonalSuccessorsFree
FN:53,nothingToDo
FN:57,successors
FN:84,diagonal
FN:88,euclidean
FN:96,manhattan
FN:100,AStar
FNF:9
FNH:9
FNDA:1,(anonymous_0)
FNDA:87,diagonalSuccessors
FNDA:31,diagonalSuccessorsFree
FNDA:187,nothingToDo
FNDA:305,successors
FNDA:354,diagonal
FNDA:288,euclidean
FNDA:380,manhattan
FNDA:9,AStar
DA:2,1
DA:9,87
DA:10,87
DA:11,87
DA:12,87
DA:13,87
DA:14,87
DA:15,87
DA:16,87
DA:18,87
DA:19,70
DA:20,70
DA:22,87
DA:23,71
DA:24,71
DA:26,87
DA:30,31
DA:31,31
DA:32,31
DA:33,31
DA:35,31
DA:36,31
DA:38,31
DA:39,31
DA:40,31
DA:41,31
DA:42,31
DA:43,31
DA:44,31
DA:46,31
DA:47,27
DA:48,27
DA:50,31
DA:54,187
DA:60,305
DA:61,305
DA:64,305
DA:65,305
DA:66,305
DA:67,305
DA:68,305
DA:69,305
DA:70,305
DA:71,305
DA:72,305
DA:73,305
DA:75,305
DA:76,305
DA:77,305
DA:78,305
DA:79,305
DA:80,305
DA:81,305
DA:85,354
DA:90,288
DA:91,288
DA:93,288
DA:97,380
DA:102,9
DA:103,9
DA:104,9
DA:105,9
DA:106,9
DA:107,9
DA:108,9
DA:109,9
DA:110,9
DA:113,9
DA:114,9
DA:116,2
DA:118,4
DA:119,4
DA:121,2
DA:123,3
DA:124,3
DA:125,3
DA:127,2
DA:128,2
DA:129,2
DA:131,9
DA:132,9
DA:133,314
DA:134,314
DA:135,314
DA:136,3256
DA:137,630
DA:138,630
DA:141,314
DA:142,314
DA:143,305
DA:144,305
DA:145,305
DA:146,1308
DA:147,1308
DA:148,1308
DA:149,1308
DA:150,511
DA:151,511
DA:152,511
DA:156,9
DA:157,9
DA:158,115
DA:160,9
DA:163,9
DA:166,1
DA:167,1
DA:169,0
LF:107
LH:106
BRDA:18,0,0,70
BRDA:18,0,1,17
BRDA:19,1,0,70
BRDA:19,1,1,60
BRDA:19,1,2,53
BRDA:20,2,0,70
BRDA:20,2,1,50
BRDA:20,2,2,50
BRDA:22,3,0,71
BRDA:22,3,1,16
BRDA:23,4,0,71
BRDA:23,4,1,57
BRDA:23,4,2,52
BRDA:24,5,0,71
BRDA:24,5,1,56
BRDA:24,5,2,42
BRDA:42,6,0,31
BRDA:42,6,1,0
BRDA:43,7,0,31
BRDA:43,7,1,27
BRDA:43,7,2,26
BRDA:44,8,0,31
BRDA:44,8,1,30
BRDA:44,8,2,28
BRDA:46,9,0,27
BRDA:46,9,1,4
BRDA:47,10,0,27
BRDA:47,10,1,26
BRDA:47,10,2,26
BRDA:48,11,0,27
BRDA:48,11,1,26
BRDA:48,11,2,26
BRDA:68,12,0,305
BRDA:68,12,1,270
BRDA:69,13,0,305
BRDA:69,13,1,286
BRDA:70,14,0,305
BRDA:70,14,1,281
BRDA:71,15,0,305
BRDA:71,15,1,270
BRDA:75,16,0,305
BRDA:75,16,1,248
BRDA:76,17,0,305
BRDA:76,17,1,255
BRDA:77,18,0,305
BRDA:77,18,1,257
BRDA:78,19,0,305
BRDA:78,19,1,245
BRDA:114,20,0,2
BRDA:114,20,1,4
BRDA:114,20,2,2
BRDA:114,20,3,3
BRDA:114,20,4,2
BRDA:131,21,0,9
BRDA:131,21,1,3
BRDA:136,22,0,630
BRDA:136,22,1,2626
BRDA:142,23,0,305
BRDA:142,23,1,9
BRDA:149,24,0,511
BRDA:149,24,1,797
BRDA:166,25,0,1
BRDA:166,25,1,0
BRF:63
BRH:61
end_of_record
TN:
SF:trimDots_function_to_test.js
FN:1,(anonymous_0)
FN:11,trimDots
FNF:2
FNH:2
FNDA:1,(anonymous_0)
FNDA:6,trimDots
DA:1,1
DA:13,6
DA:14,25
DA:15,25
DA:16,3
DA:17,3
DA:18,22
DA:19,3
DA:26,0
DA:27,3
DA:28,2
DA:29,2
DA:35,1
DA:36,1
LF:14
LH:13
BRDA:15,0,0,3
BRDA:15,0,1,22
BRDA:18,1,0,3
BRDA:18,1,1,19
BRDA:19,2,0,0
BRDA:19,2,1,3
BRDA:19,3,0,3
BRDA:19,3,1,0
BRDA:19,3,2,0
BRDA:27,4,0,2
BRDA:27,4,1,1
BRDA:35,5,0,1
BRDA:35,5,1,0
BRF:13
BRH:9
end_of_record
